(0000) 3000  0011000000000000 (   7)                 .ORIG x3000
(3000) E035  1110000000110101 (   8)                 LEA   R0 INPUT_NUMBERS1
(3001) F022  1111000000100010 (   9)                 TRAP  x22
(3002) E056  1110000001010110 (  10)                 LEA   R0 INPUT_NUMBERS2
(3003) F022  1111000000100010 (  11)                 TRAP  x22
(3004) 54A0  0101010010100000 (  12)                 AND   R2 R2 #0
(3005) 56E0  0101011011100000 (  13)                 AND   R3 R3 #0
(3006) 2229  0010001000101001 (  14)                 LD    R1 ASCII
(3007) 2829  0010100000101001 (  15)                 LD    R4 COUNTER
(3008) 2C2B  0010110000101011 (  16)                 LD    R6 BASE
(3009) 0E03  0000111000000011 (  17)                 BRNZP BEGIN
(300A) E073  1110000001110011 (  20) ERROR           LEA   R0 ERROR_MSG
(300B) F022  1111000000100010 (  21)                 TRAP  x22
(300C) 5020  0101000000100000 (  22)                 AND   R0 R0 #0
(300D) 3824  0011100000100100 (  25) BEGIN           ST    R4 SAVER1
(300E) 48F1  0100100011110001 (  26)                 JSR   NTH_INPUT
(300F) 2822  0010100000100010 (  27)                 LD    R4 SAVER1
(3010) F022  1111000000100010 (  28)                 TRAP  x22
(3011) F020  1111000000100000 (  29)                 TRAP  x20
(3012) F021  1111000000100001 (  30)                 TRAP  x21
(3013) 1001  0001000000000001 (  31)                 ADD   R0 R0 R1
(3014) 09F5  0000100111110101 (  32)                 BRN   ERROR
(3015) 1037  0001000000110111 (  33)                 ADD   R0 R0 #-9
(3016) 03F3  0000001111110011 (  34)                 BRP   ERROR
(3017) 1029  0001000000101001 (  35)                 ADD   R0 R0 #9
(3018) 48D8  0100100011011000 (  36)                 JSR   MULT10
(3019) 14A0  0001010010100000 (  37)                 ADD   R2 R2 #0
(301A) F020  1111000000100000 (  38)                 TRAP  x20
(301B) F021  1111000000100001 (  39)                 TRAP  x21
(301C) 1001  0001000000000001 (  40)                 ADD   R0 R0 R1
(301D) 09EC  0000100111101100 (  41)                 BRN   ERROR
(301E) 1037  0001000000110111 (  42)                 ADD   R0 R0 #-9
(301F) 03EA  0000001111101010 (  43)                 BRP   ERROR
(3020) 1029  0001000000101001 (  44)                 ADD   R0 R0 #9
(3021) 1080  0001000010000000 (  45)                 ADD   R0 R2 R0
(3022) 48C8  0100100011001000 (  46)                 JSR   PUSH
(3023) E078  1110000001111000 (  47)                 LEA   R0 NEWLINE
(3024) F022  1111000000100010 (  48)                 TRAP  x22
(3025) 54A0  0101010010100000 (  49)                 AND   R2 R2 #0
(3026) 56E0  0101011011100000 (  50)                 AND   R3 R3 #0
(3027) 193F  0001100100111111 (  51)                 ADD   R4 R4 #-1
(3028) 03E4  0000001111100100 (  52)                 BRP   BEGIN
(3029) 2807  0010100000000111 (  53)                 LD    R4 COUNTER
(302A) E071  1110000001110001 (  54)                 LEA   R0 NEWLINE
(302B) F022  1111000000100010 (  55)                 TRAP  x22
(302C) 5260  0101001001100000 (  56)                 AND   R1 R1 #0
(302D) 54A0  0101010010100000 (  57)                 AND   R2 R2 #0
(302E) 56E0  0101011011100000 (  58)                 AND   R3 R3 #0
(302F) 0E8C  0000111010001100 (  59)                 BRNZP OUTER_LOOP
(3030) FFD0  1111111111010000 (  62) ASCII           .FILL xFFD0
(3031) 0008  0000000000001000 (  63) COUNTER         .FILL x0008
(3032) 3400  0011010000000000 (  64) SAVER1          .FILL x3400
(3033) 0007  0000000000000111 (  65) INNERLOOP_COUNTER .FILL x0007
(3034) 4000  0100000000000000 (  66) BASE            .FILL x4000
(3035) 400F  0100000000001111 (  67) BASE_END        .FILL x400F
(3036) 0045  0000000001000101 (  68) INPUT_NUMBERS1  .FILL x0045
(3037) 004E  0000000001001110 (  68)                 .FILL x004E
(3038) 0054  0000000001010100 (  68)                 .FILL x0054
(3039) 0045  0000000001000101 (  68)                 .FILL x0045
(303A) 0052  0000000001010010 (  68)                 .FILL x0052
(303B) 0020  0000000000100000 (  68)                 .FILL x0020
(303C) 0038  0000000000111000 (  68)                 .FILL x0038
(303D) 0020  0000000000100000 (  68)                 .FILL x0020
(303E) 004E  0000000001001110 (  68)                 .FILL x004E
(303F) 0055  0000000001010101 (  68)                 .FILL x0055
(3040) 004D  0000000001001101 (  68)                 .FILL x004D
(3041) 0042  0000000001000010 (  68)                 .FILL x0042
(3042) 0045  0000000001000101 (  68)                 .FILL x0045
(3043) 0052  0000000001010010 (  68)                 .FILL x0052
(3044) 0053  0000000001010011 (  68)                 .FILL x0053
(3045) 0020  0000000000100000 (  68)                 .FILL x0020
(3046) 0052  0000000001010010 (  68)                 .FILL x0052
(3047) 0041  0000000001000001 (  68)                 .FILL x0041
(3048) 004E  0000000001001110 (  68)                 .FILL x004E
(3049) 0047  0000000001000111 (  68)                 .FILL x0047
(304A) 0049  0000000001001001 (  68)                 .FILL x0049
(304B) 004E  0000000001001110 (  68)                 .FILL x004E
(304C) 0047  0000000001000111 (  68)                 .FILL x0047
(304D) 0020  0000000000100000 (  68)                 .FILL x0020
(304E) 0046  0000000001000110 (  68)                 .FILL x0046
(304F) 0052  0000000001010010 (  68)                 .FILL x0052
(3050) 004F  0000000001001111 (  68)                 .FILL x004F
(3051) 004D  0000000001001101 (  68)                 .FILL x004D
(3052) 0020  0000000000100000 (  68)                 .FILL x0020
(3053) 0030  0000000000110000 (  68)                 .FILL x0030
(3054) 002D  0000000000101101 (  68)                 .FILL x002D
(3055) 0039  0000000000111001 (  68)                 .FILL x0039
(3056) 0039  0000000000111001 (  68)                 .FILL x0039
(3057) 000A  0000000000001010 (  68)                 .FILL x000A
(3058) 0000  0000000000000000 (  68)                 .FILL x0000
(3059) 0046  0000000001000110 (  69) INPUT_NUMBERS2  .FILL x0046
(305A) 004F  0000000001001111 (  69)                 .FILL x004F
(305B) 0052  0000000001010010 (  69)                 .FILL x0052
(305C) 0020  0000000000100000 (  69)                 .FILL x0020
(305D) 0031  0000000000110001 (  69)                 .FILL x0031
(305E) 0020  0000000000100000 (  69)                 .FILL x0020
(305F) 0044  0000000001000100 (  69)                 .FILL x0044
(3060) 0049  0000000001001001 (  69)                 .FILL x0049
(3061) 0047  0000000001000111 (  69)                 .FILL x0047
(3062) 0049  0000000001001001 (  69)                 .FILL x0049
(3063) 0054  0000000001010100 (  69)                 .FILL x0054
(3064) 0020  0000000000100000 (  69)                 .FILL x0020
(3065) 004E  0000000001001110 (  69)                 .FILL x004E
(3066) 0055  0000000001010101 (  69)                 .FILL x0055
(3067) 004D  0000000001001101 (  69)                 .FILL x004D
(3068) 0042  0000000001000010 (  69)                 .FILL x0042
(3069) 0045  0000000001000101 (  69)                 .FILL x0045
(306A) 0052  0000000001010010 (  69)                 .FILL x0052
(306B) 0053  0000000001010011 (  69)                 .FILL x0053
(306C) 002C  0000000000101100 (  69)                 .FILL x002C
(306D) 0020  0000000000100000 (  69)                 .FILL x0020
(306E) 0045  0000000001000101 (  69)                 .FILL x0045
(306F) 004E  0000000001001110 (  69)                 .FILL x004E
(3070) 0054  0000000001010100 (  69)                 .FILL x0054
(3071) 0045  0000000001000101 (  69)                 .FILL x0045
(3072) 0052  0000000001010010 (  69)                 .FILL x0052
(3073) 0020  0000000000100000 (  69)                 .FILL x0020
(3074) 0030  0000000000110000 (  69)                 .FILL x0030
(3075) 0020  0000000000100000 (  69)                 .FILL x0020
(3076) 0046  0000000001000110 (  69)                 .FILL x0046
(3077) 0049  0000000001001001 (  69)                 .FILL x0049
(3078) 0052  0000000001010010 (  69)                 .FILL x0052
(3079) 0053  0000000001010011 (  69)                 .FILL x0053
(307A) 0054  0000000001010100 (  69)                 .FILL x0054
(307B) 000A  0000000000001010 (  69)                 .FILL x000A
(307C) 000A  0000000000001010 (  69)                 .FILL x000A
(307D) 0000  0000000000000000 (  69)                 .FILL x0000
(307E) 000A  0000000000001010 (  70) ERROR_MSG       .FILL x000A
(307F) 0049  0000000001001001 (  70)                 .FILL x0049
(3080) 004E  0000000001001110 (  70)                 .FILL x004E
(3081) 0056  0000000001010110 (  70)                 .FILL x0056
(3082) 0041  0000000001000001 (  70)                 .FILL x0041
(3083) 004C  0000000001001100 (  70)                 .FILL x004C
(3084) 0049  0000000001001001 (  70)                 .FILL x0049
(3085) 0044  0000000001000100 (  70)                 .FILL x0044
(3086) 0020  0000000000100000 (  70)                 .FILL x0020
(3087) 0049  0000000001001001 (  70)                 .FILL x0049
(3088) 004E  0000000001001110 (  70)                 .FILL x004E
(3089) 0050  0000000001010000 (  70)                 .FILL x0050
(308A) 0055  0000000001010101 (  70)                 .FILL x0055
(308B) 0054  0000000001010100 (  70)                 .FILL x0054
(308C) 002C  0000000000101100 (  70)                 .FILL x002C
(308D) 0020  0000000000100000 (  70)                 .FILL x0020
(308E) 0054  0000000001010100 (  70)                 .FILL x0054
(308F) 0052  0000000001010010 (  70)                 .FILL x0052
(3090) 0059  0000000001011001 (  70)                 .FILL x0059
(3091) 0020  0000000000100000 (  70)                 .FILL x0020
(3092) 0041  0000000001000001 (  70)                 .FILL x0041
(3093) 0047  0000000001000111 (  70)                 .FILL x0047
(3094) 0041  0000000001000001 (  70)                 .FILL x0041
(3095) 0049  0000000001001001 (  70)                 .FILL x0049
(3096) 004E  0000000001001110 (  70)                 .FILL x004E
(3097) 0021  0000000000100001 (  70)                 .FILL x0021
(3098) 000A  0000000000001010 (  70)                 .FILL x000A
(3099) 0000  0000000000000000 (  70)                 .FILL x0000
(309A) 0020  0000000000100000 (  71) SPACE           .FILL x0020
(309B) 0000  0000000000000000 (  71)                 .FILL x0000
(309C) 000A  0000000000001010 (  72) NEWLINE         .FILL x000A
(309D) 0000  0000000000000000 (  72)                 .FILL x0000
(309E) 000A  0000000000001010 (  73) ARRAY_SORTED    .FILL x000A
(309F) 0041  0000000001000001 (  73)                 .FILL x0041
(30A0) 0052  0000000001010010 (  73)                 .FILL x0052
(30A1) 0052  0000000001010010 (  73)                 .FILL x0052
(30A2) 0041  0000000001000001 (  73)                 .FILL x0041
(30A3) 0059  0000000001011001 (  73)                 .FILL x0059
(30A4) 0020  0000000000100000 (  73)                 .FILL x0020
(30A5) 0049  0000000001001001 (  73)                 .FILL x0049
(30A6) 004E  0000000001001110 (  73)                 .FILL x004E
(30A7) 0020  0000000000100000 (  73)                 .FILL x0020
(30A8) 0041  0000000001000001 (  73)                 .FILL x0041
(30A9) 0053  0000000001010011 (  73)                 .FILL x0053
(30AA) 0043  0000000001000011 (  73)                 .FILL x0043
(30AB) 0045  0000000001000101 (  73)                 .FILL x0045
(30AC) 004E  0000000001001110 (  73)                 .FILL x004E
(30AD) 0044  0000000001000100 (  73)                 .FILL x0044
(30AE) 0049  0000000001001001 (  73)                 .FILL x0049
(30AF) 004E  0000000001001110 (  73)                 .FILL x004E
(30B0) 0047  0000000001000111 (  73)                 .FILL x0047
(30B1) 0020  0000000000100000 (  73)                 .FILL x0020
(30B2) 004F  0000000001001111 (  73)                 .FILL x004F
(30B3) 0052  0000000001010010 (  73)                 .FILL x0052
(30B4) 0044  0000000001000100 (  73)                 .FILL x0044
(30B5) 0045  0000000001000101 (  73)                 .FILL x0045
(30B6) 0052  0000000001010010 (  73)                 .FILL x0052
(30B7) 003A  0000000000111010 (  73)                 .FILL x003A
(30B8) 000A  0000000000001010 (  73)                 .FILL x000A
(30B9) 0000  0000000000000000 (  73)                 .FILL x0000
(30BA) 002D  0000000000101101 (  74) DASH            .FILL x002D
(30BB) 0000  0000000000000000 (  74)                 .FILL x0000
(30BC) 2B76  0010101101110110 (  78) OUTER_LOOP      LD    R5 INNERLOOP_COUNTER
(30BD) 193F  0001100100111111 (  79)                 ADD   R4 R4 #-1
(30BE) 0C13  0000110000010011 (  80)                 BRNZ  FINISH_SORT
(30BF) 482E  0100100000101110 (  83) INNERLOOP       JSR   POP
(30C0) 1220  0001001000100000 (  84)                 ADD   R1 R0 #0
(30C1) 6180  0110000110000000 (  85)                 LDR   R0 R6 #0
(30C2) 1420  0001010000100000 (  86)                 ADD   R2 R0 #0
(30C3) 927F  1001001001111111 (  87)                 NOT   R1 R1
(30C4) 1261  0001001001100001 (  88)                 ADD   R1 R1 #1
(30C5) 1681  0001011010000001 (  89)                 ADD   R3 R2 R1
(30C6) 0604  0000011000000100 (  90)                 BRZP  NO_SWITCH
(30C7) 927F  1001001001111111 (  91)                 NOT   R1 R1
(30C8) 1261  0001001001100001 (  92)                 ADD   R1 R1 #1
(30C9) 7380  0111001110000000 (  93)                 STR   R1 R6 #0
(30CA) 75BF  0111010110111111 (  94)                 STR   R2 R6 #-1
(30CB) 5260  0101001001100000 (  96) NO_SWITCH       AND   R1 R1 #0
(30CC) 54A0  0101010010100000 (  97)                 AND   R2 R2 #0
(30CD) 56E0  0101011011100000 (  98)                 AND   R3 R3 #0
(30CE) 1B7F  0001101101111111 (  99)                 ADD   R5 R5 #-1
(30CF) 03EF  0000001111101111 ( 100)                 BRP   INNERLOOP
(30D0) 1DB9  0001110110111001 ( 101)                 ADD   R6 R6 #-7
(30D1) 0FEA  0000111111101010 ( 102)                 BRNZP OUTER_LOOP
(30D2) E1CB  1110000111001011 ( 105) FINISH_SORT     LEA   R0 ARRAY_SORTED
(30D3) F022  1111000000100010 ( 106)                 TRAP  x22
(30D4) 54A0  0101010010100000 ( 107)                 AND   R2 R2 #0
(30D5) 56E0  0101011011100000 ( 108)                 AND   R3 R3 #0
(30D6) 295A  0010100101011010 ( 109)                 LD    R4 COUNTER
(30D7) 2358  0010001101011000 ( 110)                 LD    R1 ASCII
(30D8) 927F  1001001001111111 ( 111)                 NOT   R1 R1
(30D9) 1261  0001001001100001 ( 112)                 ADD   R1 R1 #1
(30DA) 4813  0100100000010011 ( 115) DISPLAY         JSR   POP
(30DB) 30CB  0011000011001011 ( 116)                 ST    R0 DIGIT1
(30DC) 4819  0100100000011001 ( 117)                 JSR   DIV10
(30DD) 20CA  0010000011001010 ( 118)                 LD    R0 DIGIT2
(30DE) 1001  0001000000000001 ( 119)                 ADD   R0 R0 R1
(30DF) F021  1111000000100001 ( 120)                 TRAP  x21
(30E0) 20C6  0010000011000110 ( 121)                 LD    R0 DIGIT1
(30E1) 1001  0001000000000001 ( 122)                 ADD   R0 R0 R1
(30E2) F021  1111000000100001 ( 123)                 TRAP  x21
(30E3) 193F  0001100100111111 ( 124)                 ADD   R4 R4 #-1
(30E4) 0403  0000010000000011 ( 125)                 BRZ   DONE
(30E5) E1D4  1110000111010100 ( 126)                 LEA   R0 DASH
(30E6) F022  1111000000100010 ( 127)                 TRAP  x22
(30E7) 0FF2  0000111111110010 ( 128)                 BRNZP DISPLAY
(30E8) E035  1110000000110101 ( 130) DONE            LEA   R0 FINISHMSG
(30E9) F022  1111000000100010 ( 131)                 TRAP  x22
(30EA) F025  1111000000100101 ( 132)                 TRAP  x25
(30EB) 1DBF  0001110110111111 ( 135) PUSH            ADD   R6 R6 #-1
(30EC) 7180  0111000110000000 ( 136)                 STR   R0 R6 #0
(30ED) C1C0  1100000111000000 ( 137)                 RET   
(30EE) 6180  0110000110000000 ( 140) POP             LDR   R0 R6 #0
(30EF) 1DA1  0001110110100001 ( 141)                 ADD   R6 R6 #1
(30F0) C1C0  1100000111000000 ( 142)                 RET   
(30F1) 1600  0001011000000000 ( 145) MULT10          ADD   R3 R0 R0
(30F2) 14C3  0001010011000011 ( 146)                 ADD   R2 R3 R3
(30F3) 1482  0001010010000010 ( 147)                 ADD   R2 R2 R2
(30F4) 1483  0001010010000011 ( 148)                 ADD   R2 R2 R3
(30F5) C1C0  1100000111000000 ( 149)                 RET   
(30F6) 20B0  0010000010110000 ( 152) DIV10           LD    R0 DIGIT1
(30F7) 1036  0001000000110110 ( 153)                 ADD   R0 R0 #-10
(30F8) 0804  0000100000000100 ( 154)                 BRN   DONEDIV
(30F9) 30AD  0011000010101101 ( 155)                 ST    R0 DIGIT1
(30FA) 14A1  0001010010100001 ( 156)                 ADD   R2 R2 #1
(30FB) 1036  0001000000110110 ( 157)                 ADD   R0 R0 #-10
(30FC) 07F9  0000011111111001 ( 158)                 BRZP  DIV10
(30FD) 34AA  0011010010101010 ( 160) DONEDIV         ST    R2 DIGIT2
(30FE) 54A0  0101010010100000 ( 161)                 AND   R2 R2 #0
(30FF) C1C0  1100000111000000 ( 162)                 RET   
(3100) 193F  0001100100111111 ( 165) NTH_INPUT       ADD   R4 R4 #-1
(3101) 0202  0000001000000010 ( 166)                 BRP   SKIP1
(3102) E095  1110000010010101 ( 167)                 LEA   R0 INPUT08
(3103) C1C0  1100000111000000 ( 168)                 RET   
(3104) 193F  0001100100111111 ( 170) SKIP1           ADD   R4 R4 #-1
(3105) 0202  0000001000000010 ( 171)                 BRP   SKIP2
(3106) E082  1110000010000010 ( 172)                 LEA   R0 INPUT07
(3107) C1C0  1100000111000000 ( 173)                 RET   
(3108) 193F  0001100100111111 ( 176) SKIP2           ADD   R4 R4 #-1
(3109) 0202  0000001000000010 ( 177)                 BRP   SKIP3
(310A) E06F  1110000001101111 ( 178)                 LEA   R0 INPUT06
(310B) C1C0  1100000111000000 ( 179)                 RET   
(310C) 193F  0001100100111111 ( 182) SKIP3           ADD   R4 R4 #-1
(310D) 0202  0000001000000010 ( 183)                 BRP   SKIP4
(310E) E05C  1110000001011100 ( 184)                 LEA   R0 INPUT05
(310F) C1C0  1100000111000000 ( 185)                 RET   
(3110) 193F  0001100100111111 ( 188) SKIP4           ADD   R4 R4 #-1
(3111) 0202  0000001000000010 ( 189)                 BRP   SKIP5
(3112) E049  1110000001001001 ( 190)                 LEA   R0 INPUT04
(3113) C1C0  1100000111000000 ( 191)                 RET   
(3114) 193F  0001100100111111 ( 194) SKIP5           ADD   R4 R4 #-1
(3115) 0202  0000001000000010 ( 195)                 BRP   SKIP6
(3116) E036  1110000000110110 ( 196)                 LEA   R0 INPUT03
(3117) C1C0  1100000111000000 ( 197)                 RET   
(3118) 193F  0001100100111111 ( 200) SKIP6           ADD   R4 R4 #-1
(3119) 0202  0000001000000010 ( 201)                 BRP   SKIP7
(311A) E023  1110000000100011 ( 202)                 LEA   R0 INPUT02
(311B) C1C0  1100000111000000 ( 203)                 RET   
(311C) E012  1110000000010010 ( 206) SKIP7           LEA   R0 INPUT01
(311D) C1C0  1100000111000000 ( 207)                 RET   
(311E) 000A  0000000000001010 ( 210) FINISHMSG       .FILL x000A
(311F) 000A  0000000000001010 ( 210)                 .FILL x000A
(3120) 0050  0000000001010000 ( 210)                 .FILL x0050
(3121) 0052  0000000001010010 ( 210)                 .FILL x0052
(3122) 004F  0000000001001111 ( 210)                 .FILL x004F
(3123) 0047  0000000001000111 ( 210)                 .FILL x0047
(3124) 0052  0000000001010010 ( 210)                 .FILL x0052
(3125) 0041  0000000001000001 ( 210)                 .FILL x0041
(3126) 004D  0000000001001101 ( 210)                 .FILL x004D
(3127) 0020  0000000000100000 ( 210)                 .FILL x0020
(3128) 0044  0000000001000100 ( 210)                 .FILL x0044
(3129) 004F  0000000001001111 ( 210)                 .FILL x004F
(312A) 004E  0000000001001110 ( 210)                 .FILL x004E
(312B) 0045  0000000001000101 ( 210)                 .FILL x0045
(312C) 0021  0000000000100001 ( 210)                 .FILL x0021
(312D) 000A  0000000000001010 ( 210)                 .FILL x000A
(312E) 0000  0000000000000000 ( 210)                 .FILL x0000
(312F) 0031  0000000000110001 ( 211) INPUT01         .FILL x0031
(3130) 0073  0000000001110011 ( 211)                 .FILL x0073
(3131) 0074  0000000001110100 ( 211)                 .FILL x0074
(3132) 0020  0000000000100000 ( 211)                 .FILL x0020
(3133) 004E  0000000001001110 ( 211)                 .FILL x004E
(3134) 0055  0000000001010101 ( 211)                 .FILL x0055
(3135) 004D  0000000001001101 ( 211)                 .FILL x004D
(3136) 0042  0000000001000010 ( 211)                 .FILL x0042
(3137) 0045  0000000001000101 ( 211)                 .FILL x0045
(3138) 0052  0000000001010010 ( 211)                 .FILL x0052
(3139) 0020  0000000000100000 ( 211)                 .FILL x0020
(313A) 003E  0000000000111110 ( 211)                 .FILL x003E
(313B) 003E  0000000000111110 ( 211)                 .FILL x003E
(313C) 0020  0000000000100000 ( 211)                 .FILL x0020
(313D) 0000  0000000000000000 ( 211)                 .FILL x0000
(313E) 0032  0000000000110010 ( 212) INPUT02         .FILL x0032
(313F) 006E  0000000001101110 ( 212)                 .FILL x006E
(3140) 0064  0000000001100100 ( 212)                 .FILL x0064
(3141) 0020  0000000000100000 ( 212)                 .FILL x0020
(3142) 004E  0000000001001110 ( 212)                 .FILL x004E
(3143) 0055  0000000001010101 ( 212)                 .FILL x0055
(3144) 004D  0000000001001101 ( 212)                 .FILL x004D
(3145) 0042  0000000001000010 ( 212)                 .FILL x0042
(3146) 0045  0000000001000101 ( 212)                 .FILL x0045
(3147) 0052  0000000001010010 ( 212)                 .FILL x0052
(3148) 0020  0000000000100000 ( 212)                 .FILL x0020
(3149) 003E  0000000000111110 ( 212)                 .FILL x003E
(314A) 003E  0000000000111110 ( 212)                 .FILL x003E
(314B) 0020  0000000000100000 ( 212)                 .FILL x0020
(314C) 0000  0000000000000000 ( 212)                 .FILL x0000
(314D) 0033  0000000000110011 ( 213) INPUT03         .FILL x0033
(314E) 0072  0000000001110010 ( 213)                 .FILL x0072
(314F) 0064  0000000001100100 ( 213)                 .FILL x0064
(3150) 0020  0000000000100000 ( 213)                 .FILL x0020
(3151) 004E  0000000001001110 ( 213)                 .FILL x004E
(3152) 0055  0000000001010101 ( 213)                 .FILL x0055
(3153) 004D  0000000001001101 ( 213)                 .FILL x004D
(3154) 0042  0000000001000010 ( 213)                 .FILL x0042
(3155) 0045  0000000001000101 ( 213)                 .FILL x0045
(3156) 0052  0000000001010010 ( 213)                 .FILL x0052
(3157) 0020  0000000000100000 ( 213)                 .FILL x0020
(3158) 003E  0000000000111110 ( 213)                 .FILL x003E
(3159) 003E  0000000000111110 ( 213)                 .FILL x003E
(315A) 0020  0000000000100000 ( 213)                 .FILL x0020
(315B) 0000  0000000000000000 ( 213)                 .FILL x0000
(315C) 0034  0000000000110100 ( 214) INPUT04         .FILL x0034
(315D) 0074  0000000001110100 ( 214)                 .FILL x0074
(315E) 0068  0000000001101000 ( 214)                 .FILL x0068
(315F) 0020  0000000000100000 ( 214)                 .FILL x0020
(3160) 004E  0000000001001110 ( 214)                 .FILL x004E
(3161) 0055  0000000001010101 ( 214)                 .FILL x0055
(3162) 004D  0000000001001101 ( 214)                 .FILL x004D
(3163) 0042  0000000001000010 ( 214)                 .FILL x0042
(3164) 0045  0000000001000101 ( 214)                 .FILL x0045
(3165) 0052  0000000001010010 ( 214)                 .FILL x0052
(3166) 0020  0000000000100000 ( 214)                 .FILL x0020
(3167) 003E  0000000000111110 ( 214)                 .FILL x003E
(3168) 003E  0000000000111110 ( 214)                 .FILL x003E
(3169) 0020  0000000000100000 ( 214)                 .FILL x0020
(316A) 0000  0000000000000000 ( 214)                 .FILL x0000
(316B) 0035  0000000000110101 ( 215) INPUT05         .FILL x0035
(316C) 0074  0000000001110100 ( 215)                 .FILL x0074
(316D) 0068  0000000001101000 ( 215)                 .FILL x0068
(316E) 0020  0000000000100000 ( 215)                 .FILL x0020
(316F) 004E  0000000001001110 ( 215)                 .FILL x004E
(3170) 0055  0000000001010101 ( 215)                 .FILL x0055
(3171) 004D  0000000001001101 ( 215)                 .FILL x004D
(3172) 0042  0000000001000010 ( 215)                 .FILL x0042
(3173) 0045  0000000001000101 ( 215)                 .FILL x0045
(3174) 0052  0000000001010010 ( 215)                 .FILL x0052
(3175) 0020  0000000000100000 ( 215)                 .FILL x0020
(3176) 003E  0000000000111110 ( 215)                 .FILL x003E
(3177) 003E  0000000000111110 ( 215)                 .FILL x003E
(3178) 0020  0000000000100000 ( 215)                 .FILL x0020
(3179) 0000  0000000000000000 ( 215)                 .FILL x0000
(317A) 0036  0000000000110110 ( 216) INPUT06         .FILL x0036
(317B) 0074  0000000001110100 ( 216)                 .FILL x0074
(317C) 0068  0000000001101000 ( 216)                 .FILL x0068
(317D) 0020  0000000000100000 ( 216)                 .FILL x0020
(317E) 004E  0000000001001110 ( 216)                 .FILL x004E
(317F) 0055  0000000001010101 ( 216)                 .FILL x0055
(3180) 004D  0000000001001101 ( 216)                 .FILL x004D
(3181) 0042  0000000001000010 ( 216)                 .FILL x0042
(3182) 0045  0000000001000101 ( 216)                 .FILL x0045
(3183) 0052  0000000001010010 ( 216)                 .FILL x0052
(3184) 0020  0000000000100000 ( 216)                 .FILL x0020
(3185) 003E  0000000000111110 ( 216)                 .FILL x003E
(3186) 003E  0000000000111110 ( 216)                 .FILL x003E
(3187) 0020  0000000000100000 ( 216)                 .FILL x0020
(3188) 0000  0000000000000000 ( 216)                 .FILL x0000
(3189) 0037  0000000000110111 ( 217) INPUT07         .FILL x0037
(318A) 0074  0000000001110100 ( 217)                 .FILL x0074
(318B) 0068  0000000001101000 ( 217)                 .FILL x0068
(318C) 0020  0000000000100000 ( 217)                 .FILL x0020
(318D) 004E  0000000001001110 ( 217)                 .FILL x004E
(318E) 0055  0000000001010101 ( 217)                 .FILL x0055
(318F) 004D  0000000001001101 ( 217)                 .FILL x004D
(3190) 0042  0000000001000010 ( 217)                 .FILL x0042
(3191) 0045  0000000001000101 ( 217)                 .FILL x0045
(3192) 0052  0000000001010010 ( 217)                 .FILL x0052
(3193) 0020  0000000000100000 ( 217)                 .FILL x0020
(3194) 003E  0000000000111110 ( 217)                 .FILL x003E
(3195) 003E  0000000000111110 ( 217)                 .FILL x003E
(3196) 0020  0000000000100000 ( 217)                 .FILL x0020
(3197) 0000  0000000000000000 ( 217)                 .FILL x0000
(3198) 0038  0000000000111000 ( 218) INPUT08         .FILL x0038
(3199) 0074  0000000001110100 ( 218)                 .FILL x0074
(319A) 0068  0000000001101000 ( 218)                 .FILL x0068
(319B) 0020  0000000000100000 ( 218)                 .FILL x0020
(319C) 004E  0000000001001110 ( 218)                 .FILL x004E
(319D) 0055  0000000001010101 ( 218)                 .FILL x0055
(319E) 004D  0000000001001101 ( 218)                 .FILL x004D
(319F) 0042  0000000001000010 ( 218)                 .FILL x0042
(31A0) 0045  0000000001000101 ( 218)                 .FILL x0045
(31A1) 0052  0000000001010010 ( 218)                 .FILL x0052
(31A2) 0020  0000000000100000 ( 218)                 .FILL x0020
(31A3) 003E  0000000000111110 ( 218)                 .FILL x003E
(31A4) 003E  0000000000111110 ( 218)                 .FILL x003E
(31A5) 0020  0000000000100000 ( 218)                 .FILL x0020
(31A6) 0000  0000000000000000 ( 218)                 .FILL x0000
(31A7) 3500  0011010100000000 ( 219) DIGIT1          .FILL x3500
(31A8) 3501  0011010100000001 ( 220) DIGIT2          .FILL x3501
(31A9) 3502  0011010100000010 ( 221) SAVE            .FILL x3502
